\BOOKMARK [1][-]{section.0.1}{\376\377\000I\000m\000p\000o\000r\000t\000a\000n\000t\000\040\000s\000y\000m\000b\000o\000l\000s}{}% 1
\BOOKMARK [1][-]{section.0.2}{\376\377\000A\000d\000d\000i\000t\000i\000o\000n\000\040\000p\000r\000i\000n\000c\000i\000p\000l\000e}{}% 2
\BOOKMARK [1][-]{section.0.3}{\376\377\000M\000u\000l\000t\000i\000p\000l\000i\000c\000a\000t\000i\000o\000n\000\040\000p\000r\000i\000n\000c\000i\000p\000l\000e}{}% 3
\BOOKMARK [1][-]{section.0.4}{\376\377\000F\000a\000c\000t\000o\000r\000i\000a\000l\000s}{}% 4
\BOOKMARK [2][-]{subsection.0.4.1}{\376\377\000D\000i\000v\000i\000d\000i\000n\000g\000\040\000f\000a\000c\000t\000o\000r\000i\000a\000l\000s}{section.0.4}% 5
\BOOKMARK [2][-]{subsection.0.4.2}{\376\377\000S\000p\000e\000c\000i\000a\000l\000\040\000c\000a\000s\000e\000s}{section.0.4}% 6
\BOOKMARK [1][-]{section.0.5}{\376\377\000P\000e\000r\000m\000u\000t\000a\000t\000i\000o\000n\000s}{}% 7
\BOOKMARK [2][-]{subsection.0.5.1}{\376\377\000P\000e\000r\000m\000u\000t\000a\000t\000i\000o\000n\000s\000\040\000i\000n\000\040\000a\000\040\000c\000i\000r\000c\000l\000e}{section.0.5}% 8
\BOOKMARK [2][-]{subsection.0.5.2}{\376\377\000L\000i\000k\000e\000\040\000o\000b\000j\000e\000c\000t\000s\000\040\000r\000e\000p\000e\000t\000i\000t\000i\000o\000n\000s}{section.0.5}% 9
\BOOKMARK [2][-]{subsection.0.5.3}{\376\377\000R\000e\000s\000t\000r\000i\000c\000t\000i\000o\000n\000s}{section.0.5}% 10
\BOOKMARK [2][-]{subsection.0.5.4}{\376\377\000G\000r\000o\000u\000p\000e\000d\000\040\000i\000t\000e\000m\000s}{section.0.5}% 11
\BOOKMARK [2][-]{subsection.0.5.5}{\376\377\000S\000p\000e\000c\000i\000a\000l\000\040\000c\000a\000s\000e\000s}{section.0.5}% 12
\BOOKMARK [1][-]{section.0.6}{\376\377\000C\000o\000m\000b\000i\000n\000a\000t\000i\000o\000n\000s}{}% 13
\BOOKMARK [2][-]{subsection.0.6.1}{\376\377\000C\000o\000m\000b\000i\000n\000a\000t\000i\000o\000n\000s\000\040\000w\000i\000t\000h\000\040\000r\000e\000s\000t\000r\000i\000c\000t\000i\000o\000n\000s}{section.0.6}% 14
\BOOKMARK [1][-]{section.0.7}{\376\377\000P\000a\000s\000c\000a\000l\000'\000s\000\040\000t\000r\000i\000a\000n\000g\000l\000e}{}% 15
\BOOKMARK [1][-]{section.0.8}{\376\377\000V\000e\000c\000t\000o\000r\000s}{}% 16
\BOOKMARK [2][-]{subsection.0.8.1}{\376\377\000A\000d\000d\000i\000t\000i\000o\000n\000\040\000o\000f\000\040\000v\000e\000c\000t\000o\000r\000s}{section.0.8}% 17
\BOOKMARK [2][-]{subsection.0.8.2}{\376\377\000M\000u\000l\000t\000i\000p\000l\000i\000c\000a\000t\000i\000o\000n\000\040\000o\000f\000\040\000v\000e\000c\000t\000o\000r\000s\000\040\000b\000y\000\040\000a\000\040\000s\000c\000a\000l\000a\000r}{section.0.8}% 18
\BOOKMARK [2][-]{subsection.0.8.3}{\376\377\000C\000a\000l\000c\000u\000l\000a\000t\000i\000n\000g\000\040\000t\000h\000e\000\040\000m\000a\000g\000n\000i\000t\000u\000d\000e\000\040\000o\000f\000\040\000a\000\040\000v\000e\000c\000t\000o\000r}{section.0.8}% 19
\BOOKMARK [2][-]{subsection.0.8.4}{\376\377\000C\000a\000l\000c\000u\000l\000a\000t\000i\000n\000g\000\040\000t\000h\000e\000\040\000a\000n\000g\000l\000e\000\040\000o\000f\000\040\000a\000\040\000v\000e\000c\000t\000o\000r}{section.0.8}% 20
\BOOKMARK [2][-]{subsection.0.8.5}{\376\377\000T\000h\000e\000\040\000n\000e\000g\000a\000t\000i\000v\000e\000\040\000o\000f\000\040\000a\000\040\000v\000e\000c\000t\000o\000r}{section.0.8}% 21
\BOOKMARK [2][-]{subsection.0.8.6}{\376\377\000C\000o\000n\000v\000e\000r\000t\000i\000n\000g\000\040\000b\000e\000t\000w\000e\000e\000n\000\040\000c\000o\000m\000p\000o\000n\000e\000n\000t\000\040\000f\000o\000r\000m\000\040\000a\000n\000d\000\040\000p\000o\000l\000a\000r\000\040\000f\000o\000r\000m}{section.0.8}% 22
\BOOKMARK [2][-]{subsection.0.8.7}{\376\377\000H\000o\000w\000\040\000t\000o\000\040\000f\000i\000n\000d\000\040\000t\000h\000e\000\040\000v\000e\000c\000t\000o\000r\000\040\000b\000e\000t\000w\000e\000e\000n\000\040\000p\000o\000i\000n\000t\000s\000\040\000t\000h\000a\000t}{section.0.8}% 23
\BOOKMARK [2][-]{subsection.0.8.8}{\376\377\000U\000n\000i\000t\000\040\000v\000e\000c\000t\000o\000r\000s}{section.0.8}% 24
\BOOKMARK [2][-]{subsection.0.8.9}{\376\377\000D\000o\000t\000\040\000p\000r\000o\000d\000u\000c\000t\000s}{section.0.8}% 25
\BOOKMARK [2][-]{subsection.0.8.10}{\376\377\000A\000n\000g\000l\000e\000\040\000b\000e\000t\000w\000e\000e\000n\000\040\000t\000w\000o\000\040\000v\000e\000c\000t\000o\000r\000s}{section.0.8}% 26
\BOOKMARK [2][-]{subsection.0.8.11}{\376\377\000S\000c\000a\000l\000a\000r\000\040\000r\000e\000s\000o\000l\000u\000t\000e\000s}{section.0.8}% 27
\BOOKMARK [2][-]{subsection.0.8.12}{\376\377\000V\000e\000c\000t\000o\000r\000\040\000r\000e\000s\000o\000l\000u\000t\000e\000s}{section.0.8}% 28
\BOOKMARK [2][-]{subsection.0.8.13}{\376\377\000S\000i\000n\000e\000\040\000r\000u\000l\000e}{section.0.8}% 29
\BOOKMARK [2][-]{subsection.0.8.14}{\376\377\000C\000o\000s\000i\000n\000e\000\040\000r\000u\000l\000e}{section.0.8}% 30
\BOOKMARK [2][-]{subsection.0.8.15}{\376\377\000A\000p\000p\000l\000i\000c\000a\000t\000i\000o\000n\000s\000\040\000o\000f\000\040\000v\000e\000c\000t\000o\000r\000s}{section.0.8}% 31
\BOOKMARK [2][-]{subsection.0.8.16}{\376\377\000R\000e\000l\000a\000t\000i\000v\000e\000\040\000v\000e\000c\000t\000o\000r\000s}{section.0.8}% 32
\BOOKMARK [1][-]{section.0.9}{\376\377\000P\000r\000o\000o\000f\000s}{}% 33
\BOOKMARK [2][-]{subsection.0.9.1}{\376\377\000P\000r\000o\000p\000o\000s\000i\000t\000i\000o\000n\000s}{section.0.9}% 34
\BOOKMARK [2][-]{subsection.0.9.2}{\376\377\000D\000i\000r\000e\000c\000c\000t\000\040\000p\000r\000o\000o\000f\000s}{section.0.9}% 35
\BOOKMARK [2][-]{subsection.0.9.3}{\376\377\000P\000r\000o\000o\000f\000\040\000b\000y\000\040\000c\000o\000n\000t\000r\000a\000p\000o\000s\000i\000t\000i\000o\000n}{section.0.9}% 36
\BOOKMARK [2][-]{subsection.0.9.4}{\376\377\000P\000r\000o\000o\000f\000\040\000b\000y\000\040\000c\000o\000n\000t\000r\000a\000d\000i\000c\000t\000i\000o\000n}{section.0.9}% 37
\BOOKMARK [1][-]{section.0.10}{\376\377\000C\000i\000r\000c\000l\000e\000s}{}% 38
\BOOKMARK [2][-]{subsection.0.10.1}{\376\377\000T\000e\000r\000m\000s}{section.0.10}% 39
\BOOKMARK [2][-]{subsection.0.10.2}{\376\377\000T\000h\000e\000o\000r\000e\000m\000s}{section.0.10}% 40
