\BOOKMARK [1][-]{section.0.1}{\376\377\000T\000h\000e\000\040\000p\000u\000r\000p\000o\000s\000e}{}% 1
\BOOKMARK [0][-]{chapter.1}{\376\377\000I\000m\000p\000o\000r\000t\000a\000n\000t\000\040\000s\000y\000m\000b\000o\000l\000s}{}% 2
\BOOKMARK [0][-]{chapter.2}{\376\377\000C\000o\000m\000b\000i\000n\000a\000t\000o\000r\000i\000c\000s}{}% 3
\BOOKMARK [1][-]{section.2.1}{\376\377\000A\000d\000d\000i\000t\000i\000o\000n\000\040\000p\000r\000i\000n\000c\000i\000p\000l\000e}{chapter.2}% 4
\BOOKMARK [1][-]{section.2.2}{\376\377\000M\000u\000l\000t\000i\000p\000l\000i\000c\000a\000t\000i\000o\000n\000\040\000p\000r\000i\000n\000c\000i\000p\000l\000e}{chapter.2}% 5
\BOOKMARK [0][-]{chapter.3}{\376\377\000F\000a\000c\000t\000o\000r\000i\000a\000l\000s}{}% 6
\BOOKMARK [1][-]{section.3.1}{\376\377\000D\000i\000v\000i\000d\000i\000n\000g\000\040\000f\000a\000c\000t\000o\000r\000i\000a\000l\000s}{chapter.3}% 7
\BOOKMARK [1][-]{section.3.2}{\376\377\000S\000p\000e\000c\000i\000a\000l\000\040\000c\000a\000s\000e\000s}{chapter.3}% 8
\BOOKMARK [0][-]{chapter.4}{\376\377\000P\000e\000r\000m\000u\000t\000a\000t\000i\000o\000n\000s}{}% 9
\BOOKMARK [1][-]{section.4.1}{\376\377\000P\000e\000r\000m\000u\000t\000a\000t\000i\000o\000n\000s\000\040\000i\000n\000\040\000a\000\040\000c\000i\000r\000c\000l\000e}{chapter.4}% 10
\BOOKMARK [1][-]{section.4.2}{\376\377\000L\000i\000k\000e\000\040\000o\000b\000j\000e\000c\000t\000s\000\040\000r\000e\000p\000e\000t\000i\000t\000i\000o\000n\000s}{chapter.4}% 11
\BOOKMARK [1][-]{section.4.3}{\376\377\000R\000e\000s\000t\000r\000i\000c\000t\000i\000o\000n\000s}{chapter.4}% 12
\BOOKMARK [1][-]{section.4.4}{\376\377\000G\000r\000o\000u\000p\000e\000d\000\040\000i\000t\000e\000m\000s}{chapter.4}% 13
\BOOKMARK [1][-]{section.4.5}{\376\377\000S\000p\000e\000c\000i\000a\000l\000\040\000c\000a\000s\000e\000s}{chapter.4}% 14
\BOOKMARK [0][-]{chapter.5}{\376\377\000C\000o\000m\000b\000i\000n\000a\000t\000i\000o\000n\000s}{}% 15
\BOOKMARK [1][-]{section.5.1}{\376\377\000C\000o\000m\000b\000i\000n\000a\000t\000i\000o\000n\000s\000\040\000w\000i\000t\000h\000\040\000r\000e\000s\000t\000r\000i\000c\000t\000i\000o\000n\000s}{chapter.5}% 16
\BOOKMARK [2][-]{subsection.5.1.1}{\376\377\000C\000o\000m\000b\000i\000n\000a\000t\000i\000o\000n\000s\000\040\000w\000i\000t\000h\000\040\000s\000p\000e\000c\000i\000f\000i\000c\000\040\000t\000e\000r\000m\000s}{section.5.1}% 17
\BOOKMARK [2][-]{subsection.5.1.2}{\376\377\000C\000o\000m\000b\000i\000n\000a\000t\000i\000o\000n\000s\000\040\000f\000r\000o\000m\000\040\000m\000u\000l\000t\000i\000p\000l\000e\000\040\000g\000r\000o\000u\000p\000s}{section.5.1}% 18
\BOOKMARK [2][-]{subsection.5.1.3}{\376\377\000P\000e\000r\000m\000u\000t\000a\000t\000i\000o\000n\000s\000\040\000a\000n\000d\000\040\000C\000o\000m\000b\000i\000n\000a\000t\000i\000o\000n\000s\000\040\000c\000o\000m\000b\000i\000n\000e\000d}{section.5.1}% 19
\BOOKMARK [1][-]{section.5.2}{\376\377\000P\000a\000s\000c\000a\000l\000'\000s\000\040\000t\000r\000i\000a\000n\000g\000l\000e}{chapter.5}% 20
\BOOKMARK [0][-]{chapter.6}{\376\377\000N\000o\000n\000-\000r\000i\000g\000h\000t\000-\000a\000n\000g\000l\000e\000-\000t\000r\000i\000a\000n\000g\000l\000e\000s}{}% 21
\BOOKMARK [1][-]{section.6.1}{\376\377\000S\000i\000n\000e\000\040\000r\000u\000l\000e}{chapter.6}% 22
\BOOKMARK [1][-]{section.6.2}{\376\377\000C\000o\000s\000i\000n\000e\000\040\000r\000u\000l\000e}{chapter.6}% 23
\BOOKMARK [0][-]{chapter.7}{\376\377\000V\000e\000c\000t\000o\000r\000s}{}% 24
\BOOKMARK [1][-]{section.7.1}{\376\377\000A\000d\000d\000i\000t\000i\000o\000n\000\040\000o\000f\000\040\000v\000e\000c\000t\000o\000r\000s}{chapter.7}% 25
\BOOKMARK [1][-]{section.7.2}{\376\377\000M\000u\000l\000t\000i\000p\000l\000i\000c\000a\000t\000i\000o\000n\000\040\000o\000f\000\040\000v\000e\000c\000t\000o\000r\000s\000\040\000b\000y\000\040\000a\000\040\000s\000c\000a\000l\000a\000r}{chapter.7}% 26
\BOOKMARK [1][-]{section.7.3}{\376\377\000C\000a\000l\000c\000u\000l\000a\000t\000i\000n\000g\000\040\000t\000h\000e\000\040\000m\000a\000g\000n\000i\000t\000u\000d\000e\000\040\000o\000f\000\040\000a\000\040\000v\000e\000c\000t\000o\000r}{chapter.7}% 27
\BOOKMARK [1][-]{section.7.4}{\376\377\000C\000a\000l\000c\000u\000l\000a\000t\000i\000n\000g\000\040\000t\000h\000e\000\040\000a\000n\000g\000l\000e\000\040\000o\000f\000\040\000a\000\040\000v\000e\000c\000t\000o\000r}{chapter.7}% 28
\BOOKMARK [1][-]{section.7.5}{\376\377\000T\000h\000e\000\040\000n\000e\000g\000a\000t\000i\000v\000e\000\040\000o\000f\000\040\000a\000\040\000v\000e\000c\000t\000o\000r}{chapter.7}% 29
\BOOKMARK [1][-]{section.7.6}{\376\377\000C\000o\000n\000v\000e\000r\000t\000i\000n\000g\000\040\000b\000e\000t\000w\000e\000e\000n\000\040\000c\000o\000m\000p\000o\000n\000e\000n\000t\000\040\000f\000o\000r\000m\000\040\000a\000n\000d\000\040\000p\000o\000l\000a\000r\000\040\000f\000o\000r\000m}{chapter.7}% 30
\BOOKMARK [1][-]{section.7.7}{\376\377\000H\000o\000w\000\040\000t\000o\000\040\000f\000i\000n\000d\000\040\000t\000h\000e\000\040\000v\000e\000c\000t\000o\000r\000\040\000b\000e\000t\000w\000e\000e\000n\000\040\000p\000o\000i\000n\000t\000s\000\040\000t\000h\000a\000t\000\040\000i\000s\000\040\000a\000t\000\040\000t\000h\000e\000\040\000t\000i\000p\000\040\000o\000f\000\040\000o\000t\000h\000e\000r\000\040\000v\000e\000c\000t\000o\000r\000s}{chapter.7}% 31
\BOOKMARK [1][-]{section.7.8}{\376\377\000U\000n\000i\000t\000\040\000v\000e\000c\000t\000o\000r\000s}{chapter.7}% 32
\BOOKMARK [1][-]{section.7.9}{\376\377\000D\000o\000t\000\040\000p\000r\000o\000d\000u\000c\000t\000s}{chapter.7}% 33
\BOOKMARK [1][-]{section.7.10}{\376\377\000A\000n\000g\000l\000e\000\040\000b\000e\000t\000w\000e\000e\000n\000\040\000t\000w\000o\000\040\000v\000e\000c\000t\000o\000r\000s}{chapter.7}% 34
\BOOKMARK [1][-]{section.7.11}{\376\377\000S\000c\000a\000l\000a\000r\000\040\000r\000e\000s\000o\000l\000u\000t\000e\000s}{chapter.7}% 35
\BOOKMARK [1][-]{section.7.12}{\376\377\000V\000e\000c\000t\000o\000r\000\040\000r\000e\000s\000o\000l\000u\000t\000e\000s}{chapter.7}% 36
\BOOKMARK [1][-]{section.7.13}{\376\377\000A\000p\000p\000l\000i\000c\000a\000t\000i\000o\000n\000s\000\040\000o\000f\000\040\000v\000e\000c\000t\000o\000r\000s}{chapter.7}% 37
\BOOKMARK [2][-]{subsection.7.13.1}{\376\377\000F\000o\000r\000c\000e\000s}{section.7.13}% 38
\BOOKMARK [2][-]{subsection.7.13.2}{\376\377\000R\000e\000l\000a\000t\000i\000v\000e\000\040\000v\000e\000c\000t\000o\000r\000s}{section.7.13}% 39
\BOOKMARK [0][-]{chapter.8}{\376\377\000E\000u\000c\000l\000i\000d\000e\000a\000n\000\040\000g\000e\000o\000m\000e\000t\000r\000y}{}% 40
\BOOKMARK [1][-]{section.8.1}{\376\377\000P\000o\000s\000t\000u\000l\000a\000t\000e\000s}{chapter.8}% 41
\BOOKMARK [1][-]{section.8.2}{\376\377\000T\000h\000e\000o\000r\000e\000m\000s}{chapter.8}% 42
\BOOKMARK [0][-]{chapter.9}{\376\377\000P\000r\000o\000o\000f\000s}{}% 43
\BOOKMARK [1][-]{section.9.1}{\376\377\000N\000u\000m\000b\000e\000r\000\040\000s\000y\000s\000t\000e\000m\000s}{chapter.9}% 44
\BOOKMARK [1][-]{section.9.2}{\376\377\000P\000r\000o\000p\000o\000s\000i\000t\000i\000o\000n\000s}{chapter.9}% 45
\BOOKMARK [1][-]{section.9.3}{\376\377\000R\000u\000l\000e\000s\000\040\000o\000f\000\040\000e\000q\000u\000a\000l\000i\000t\000y}{chapter.9}% 46
\BOOKMARK [1][-]{section.9.4}{\376\377\000P\000r\000o\000o\000f\000\040\000b\000y\000\040\000c\000o\000n\000t\000r\000a\000p\000o\000s\000i\000t\000i\000o\000n}{chapter.9}% 47
\BOOKMARK [1][-]{section.9.5}{\376\377\000P\000r\000o\000o\000f\000\040\000b\000y\000\040\000c\000o\000n\000t\000r\000a\000d\000i\000c\000t\000i\000o\000n}{chapter.9}% 48
\BOOKMARK [0][-]{chapter.10}{\376\377\000C\000i\000r\000c\000l\000e\000s}{}% 49
\BOOKMARK [1][-]{section.10.1}{\376\377\000T\000e\000r\000m\000s}{chapter.10}% 50
\BOOKMARK [1][-]{section.10.2}{\376\377\000T\000h\000e\000o\000r\000e\000m\000s}{chapter.10}% 51
\BOOKMARK [0][-]{chapter.11}{\376\377\000C\000o\000m\000p\000l\000e\000x\000\040\000n\000u\000m\000b\000e\000r\000s}{}% 52
\BOOKMARK [1][-]{section.11.1}{\376\377\000T\000h\000e\000\040\000i\000m\000a\000g\000i\000n\000a\000r\000y\000\040\000n\000u\000m\000b\000e\000r\000s}{chapter.11}% 53
\BOOKMARK [1][-]{section.11.2}{\376\377\000C\000o\000m\000p\000l\000e\000x\000\040\000n\000u\000m\000b\000e\000r\000s}{chapter.11}% 54
\BOOKMARK [1][-]{section.11.3}{\376\377\000B\000a\000s\000i\000c\000\040\000o\000p\000e\000r\000a\000t\000i\000o\000n\000s}{chapter.11}% 55
\BOOKMARK [2][-]{subsection.11.3.1}{\376\377\000A\000d\000d\000i\000t\000i\000o\000n}{section.11.3}% 56
\BOOKMARK [2][-]{subsection.11.3.2}{\376\377\000S\000u\000b\000t\000r\000a\000c\000t\000i\000o\000n}{section.11.3}% 57
\BOOKMARK [2][-]{subsection.11.3.3}{\376\377\000M\000u\000l\000t\000i\000p\000l\000i\000c\000a\000t\000i\000o\000n\000\040\000b\000y\000\040\000a\000\040\000s\000c\000a\000l\000e\000r}{section.11.3}% 58
\BOOKMARK [2][-]{subsection.11.3.4}{\376\377\000M\000u\000l\000t\000i\000p\000l\000i\000c\000a\000t\000i\000o\000n\000\040\000b\000y\000\040\000a\000n\000o\000t\000h\000e\000r\000\040\000c\000o\000m\000p\000l\000e\000x\000\040\000n\000u\000m\000b\000e\000r}{section.11.3}% 59
\BOOKMARK [1][-]{section.11.4}{\376\377\000C\000o\000m\000p\000l\000e\000x\000\040\000c\000o\000n\000j\000u\000g\000a\000t\000e\000s}{chapter.11}% 60
\BOOKMARK [1][-]{section.11.5}{\376\377\000D\000i\000v\000i\000s\000i\000o\000n\000\040\000o\000f\000\040\000c\000o\000m\000p\000l\000e\000x\000\040\000n\000u\000m\000b\000e\000r\000s}{chapter.11}% 61
\BOOKMARK [1][-]{section.11.6}{\376\377\000T\000h\000e\000\040\000m\000u\000l\000t\000i\000p\000l\000i\000c\000a\000t\000i\000v\000e\000\040\000i\000n\000v\000e\000r\000s\000e}{chapter.11}% 62
\BOOKMARK [1][-]{section.11.7}{\376\377\000T\000h\000e\000\040\000A\000r\000g\000a\000n\000d\000\040\000p\000l\000a\000n\000e}{chapter.11}% 63
\BOOKMARK [2][-]{subsection.11.7.1}{\376\377\000T\000h\000e\000\040\000r\000e\000p\000r\000e\000s\000e\000n\000t\000a\000t\000i\000o\000n\000\040\000o\000f\000\040\000c\000o\000m\000p\000l\000e\000x\000\040\000n\000u\000m\000b\000e\000r\000s\000\040\000a\000s\000\040\000a\000\040\000v\000e\000c\000t\000o\000r}{section.11.7}% 64
\BOOKMARK [2][-]{subsection.11.7.2}{\376\377\000P\000o\000l\000a\000r\000\040\000f\000o\000r\000m}{section.11.7}% 65
\BOOKMARK [2][-]{subsection.11.7.3}{\376\377\000T\000h\000e\000\040\000a\000r\000g\000u\000m\000e\000n\000t}{section.11.7}% 66
\BOOKMARK [2][-]{subsection.11.7.4}{\376\377\000M\000u\000l\000t\000i\000p\000l\000i\000c\000a\000t\000i\000o\000n}{section.11.7}% 67
\BOOKMARK [2][-]{subsection.11.7.5}{\376\377\000D\000i\000v\000i\000s\000i\000o\000n}{section.11.7}% 68
\BOOKMARK [2][-]{subsection.11.7.6}{\376\377\000P\000o\000w\000e\000r\000s}{section.11.7}% 69
\BOOKMARK [2][-]{subsection.11.7.7}{\376\377\000Q\000u\000a\000d\000r\000a\000t\000i\000c\000\040\000e\000q\000u\000a\000t\000i\000o\000n\000s}{section.11.7}% 70
\BOOKMARK [0][-]{chapter.12}{\376\377\000F\000u\000n\000c\000t\000i\000o\000n\000s}{}% 71
\BOOKMARK [0][-]{chapter.13}{\376\377\000T\000r\000i\000g\000o\000n\000o\000m\000e\000t\000r\000i\000c\000\040\000i\000d\000e\000n\000t\000i\000t\000i\000e\000s}{}% 72
\BOOKMARK [1][-]{section.13.1}{\376\377\000A\000n\000g\000l\000e\000s}{chapter.13}% 73
\BOOKMARK [1][-]{section.13.2}{\376\377\000G\000e\000n\000e\000r\000a\000l\000\040\000s\000o\000l\000u\000t\000i\000o\000n\000s\000\040\000t\000o\000\040\000t\000h\000e\000\040\000b\000a\000s\000i\000c\000\040\000r\000a\000t\000i\000o\000s}{chapter.13}% 74
\BOOKMARK [1][-]{section.13.3}{\376\377\000R\000e\000c\000i\000p\000r\000o\000c\000a\000l\000\040\000f\000u\000n\000c\000t\000i\000o\000n\000s}{chapter.13}% 75
\BOOKMARK [1][-]{section.13.4}{\376\377\000P\000y\000t\000h\000a\000g\000o\000r\000i\000a\000n\000\040\000i\000d\000e\000n\000t\000i\000t\000i\000e\000s}{chapter.13}% 76
\BOOKMARK [1][-]{section.13.5}{\376\377\000C\000o\000m\000p\000o\000u\000n\000d\000/\000a\000n\000g\000l\000e\000\040\000s\000u\000m\000\040\000a\000n\000d\000\040\000a\000n\000g\000l\000e\000\040\000d\000i\000f\000f\000e\000r\000e\000n\000c\000e\000\040\000f\000o\000r\000m\000u\000l\000a\000s}{chapter.13}% 77
\BOOKMARK [1][-]{section.13.6}{\376\377\000D\000o\000u\000b\000l\000e\000\040\000a\000n\000g\000l\000e\000\040\000f\000o\000r\000m\000u\000l\000a\000s}{chapter.13}% 78
\BOOKMARK [1][-]{section.13.7}{\376\377\000H\000a\000l\000f\000\040\000a\000n\000g\000l\000e\000\040\000f\000o\000r\000m\000u\000l\000a\000s}{chapter.13}% 79
\BOOKMARK [1][-]{section.13.8}{\376\377\000M\000u\000l\000t\000i\000p\000l\000e\000\040\000a\000n\000g\000l\000e\000\040\000f\000o\000r\000m\000u\000l\000a\000s}{chapter.13}% 80
\BOOKMARK [2][-]{subsection.13.8.1}{\376\377\000D\000e\000\040\000M\000o\000i\000v\000r\000e\000'\000s\000\040\000t\000h\000e\000o\000r\000e\000m}{section.13.8}% 81
